This is pdfTeX, Version 3.141592653-2.6-1.40.22 (TeX Live 2021) (preloaded format=pdflatex 2021.4.26)  5 JUL 2021 12:30
entering extended mode
 restricted \write18 enabled.
 %&-line parsing enabled.
**beamerthemeWM.sty
(./beamerthemeWM.sty
LaTeX2e <2020-10-01> patch level 4
L3 programming layer <2021-02-18>

LaTeX Warning: You have requested package `',
               but the package provides `beamerthemeWM'.

Package: beamerthemeWM 
! Undefined control sequence.
l.7 \mode
         <presentation>
? X
 
Here is how much of TeX's memory you used:
 19 strings out of 480954
 420 string characters out of 5907137
 278000 words of memory out of 5000000
 17351 multiletter control sequences out of 15000+600000
 403430 words of font info for 27 fonts, out of 8000000 for 9000
 14 hyphenation exceptions out of 8191
 13i,0n,15p,94b,10s stack positions out of 5000i,500n,10000p,200000b,80000s
No pages of output.
PDF statistics:
 0 PDF objects out of 1000 (max. 8388607)
 0 named destinations out of 1000 (max. 500000)
 1 words of extra memory for PDF output out of 10000 (max. 10000000)

