\BOOKMARK [0][-]{chapter*.2}{Acknowledgments}{}% 1
\BOOKMARK [0][-]{chapter*.4}{List of Figures}{}% 2
\BOOKMARK [0][-]{chapter*.5}{List of Tables}{}% 3
\BOOKMARK [0][-]{chapter*.5}{Abstract}{}% 4
\BOOKMARK [0][-]{chapter.1}{Introduction}{}% 5
\BOOKMARK [1][-]{section.1.1}{Method Overview}{chapter.1}% 6
\BOOKMARK [1][-]{section.1.2}{Conventions}{chapter.1}% 7
\BOOKMARK [0][-]{chapter.2}{Theory}{}% 8
\BOOKMARK [1][-]{section.2.1}{Quantum Field Theory}{chapter.2}% 9
\BOOKMARK [2][-]{subsection.2.1.1}{Path Integral Formulation}{section.2.1}% 10
\BOOKMARK [2][-]{subsection.2.1.2}{4 model}{section.2.1}% 11
\BOOKMARK [2][-]{subsection.2.1.3}{Non-linear sigma model}{section.2.1}% 12
\BOOKMARK [1][-]{section.2.2}{Markov Chain Monte Carlo}{chapter.2}% 13
\BOOKMARK [2][-]{subsection.2.2.1}{The Markov Chain}{section.2.2}% 14
\BOOKMARK [1][-]{section.2.3}{Observables}{chapter.2}% 15
\BOOKMARK [2][-]{subsection.2.3.1}{Primary Observables}{section.2.3}% 16
\BOOKMARK [2][-]{subsection.2.3.2}{Secondary Observables}{section.2.3}% 17
\BOOKMARK [2][-]{subsection.2.3.3}{Bimodality}{section.2.3}% 18
\BOOKMARK [2][-]{subsection.2.3.4}{Jackknife Method}{section.2.3}% 19
\BOOKMARK [1][-]{section.2.4}{Topological Observables}{chapter.2}% 20
\BOOKMARK [2][-]{subsection.2.4.1}{NLSM \040term}{section.2.4}% 21
\BOOKMARK [1][-]{section.2.5}{Ultraviolet Divergences}{chapter.2}% 22
\BOOKMARK [2][-]{subsection.2.5.1}{Regularization: fields on the lattice}{section.2.5}% 23
\BOOKMARK [2][-]{subsection.2.5.2}{Renormalization}{section.2.5}% 24
\BOOKMARK [2][-]{subsection.2.5.3}{The Gradient Flow}{section.2.5}% 25
\BOOKMARK [0][-]{chapter.3}{Methods}{}% 26
\BOOKMARK [1][-]{section.3.1}{Fields on the Lattice}{chapter.3}% 27
\BOOKMARK [1][-]{section.3.2}{Monte Carlo Simulations}{chapter.3}% 28
\BOOKMARK [2][-]{subsection.3.2.1}{Metropolis Algorithm}{section.3.2}% 29
\BOOKMARK [2][-]{subsection.3.2.2}{Wolff Cluster Algorithm}{section.3.2}% 30
\BOOKMARK [2][-]{subsection.3.2.3}{Checkerboard algorithm}{section.3.2}% 31
\BOOKMARK [2][-]{subsection.3.2.4}{Autocorrelation times and thermalization}{section.3.2}% 32
\BOOKMARK [2][-]{subsection.3.2.5}{Runge-Kutta Algorithm}{section.3.2}% 33
\BOOKMARK [1][-]{section.3.3}{Topological charge with a \040term}{chapter.3}% 34
